nohup: ignoring input

  .   ____          _            __ _ _
 /\\ / ___'_ __ _ _(_)_ __  __ _ \ \ \ \
( ( )\___ | '_ | '_| | '_ \/ _` | \ \ \ \
 \\/  ___)| |_)| | | | | || (_| |  ) ) ) )
  '  |____| .__|_| |_|_| |_\__, | / / / /
 =========|_|==============|___/=/_/_/_/

 :: Spring Boot ::                (v4.0.2)

2026-02-12T22:06:15.619+01:00  INFO 99062 --- [code] [           main] com.project.code.CodeApplication         : Starting CodeApplication v0.0.1-SNAPSHOT using Java 21.0.10 with PID 99062 (/home/project/code/target/code-0.0.1-SNAPSHOT.jar started by delione in /home/project/code)
2026-02-12T22:06:15.623+01:00  INFO 99062 --- [code] [           main] com.project.code.CodeApplication         : No active profile set, falling back to 1 default profile: "default"
2026-02-12T22:06:16.190+01:00  INFO 99062 --- [code] [           main] .s.d.r.c.RepositoryConfigurationDelegate : Bootstrapping Spring Data MongoDB repositories in DEFAULT mode.
2026-02-12T22:06:16.231+01:00  INFO 99062 --- [code] [           main] .s.d.r.c.RepositoryConfigurationDelegate : Finished Spring Data repository scanning in 35 ms. Found 1 MongoDB repository interface.
2026-02-12T22:06:16.605+01:00  INFO 99062 --- [code] [           main] o.s.boot.tomcat.TomcatWebServer          : Tomcat initialized with port 8081 (http)
2026-02-12T22:06:16.615+01:00  INFO 99062 --- [code] [           main] o.apache.catalina.core.StandardService   : Starting service [Tomcat]
2026-02-12T22:06:16.616+01:00  INFO 99062 --- [code] [           main] o.apache.catalina.core.StandardEngine    : Starting Servlet engine: [Apache Tomcat/11.0.15]
2026-02-12T22:06:16.637+01:00  INFO 99062 --- [code] [           main] b.w.c.s.WebApplicationContextInitializer : Root WebApplicationContext: initialization completed in 958 ms
2026-02-12T22:06:16.799+01:00  INFO 99062 --- [code] [           main] org.mongodb.driver.client                : MongoClient with metadata {"driver": {"name": "mongo-java-driver|sync", "version": "5.6.2"}, "os": {"type": "Linux", "name": "Linux", "architecture": "amd64", "version": "6.6.87.2-microsoft-standard-WSL2"}, "platform": "Java/Ubuntu/21.0.10+7-Ubuntu-124.04"} created with settings MongoClientSettings{readPreference=primary, writeConcern=WriteConcern{w=null, wTimeout=null ms, journal=null}, retryWrites=true, retryReads=true, readConcern=ReadConcern{level=null}, credential=MongoCredential{mechanism=null, userName='root', source='admin', password=<hidden>, mechanismProperties=<hidden>}, transportSettings=null, commandListeners=[], codecRegistry=ProvidersCodecRegistry{codecProviders=[ValueCodecProvider{}, BsonValueCodecProvider{}, DBRefCodecProvider{}, DBObjectCodecProvider{}, DocumentCodecProvider{}, CollectionCodecProvider{}, IterableCodecProvider{}, MapCodecProvider{}, GeoJsonCodecProvider{}, GridFSFileCodecProvider{}, Jsr310CodecProvider{}, JsonObjectCodecProvider{}, BsonCodecProvider{}, com.mongodb.client.model.mql.ExpressionCodecProvider@7b61bf11, com.mongodb.Jep395RecordCodecProvider@40247d48, com.mongodb.KotlinCodecProvider@3ff54f3d, EnumCodecProvider{}]}, loggerSettings=LoggerSettings{maxDocumentLength=1000}, clusterSettings={hosts=[localhost:27017], srvServiceName=mongodb, mode=SINGLE, requiredClusterType=UNKNOWN, requiredReplicaSetName='null', serverSelector='null', clusterListeners='[]', serverSelectionTimeout='30000 ms', localThreshold='15 ms'}, socketSettings=SocketSettings{connectTimeoutMS=10000, readTimeoutMS=0, receiveBufferSize=0, proxySettings=ProxySettings{host=null, port=null, username=null, password=null}}, heartbeatSocketSettings=SocketSettings{connectTimeoutMS=10000, readTimeoutMS=10000, receiveBufferSize=0, proxySettings=ProxySettings{host=null, port=null, username=null, password=null}}, connectionPoolSettings=ConnectionPoolSettings{maxSize=100, minSize=0, maxWaitTimeMS=120000, maxConnectionLifeTimeMS=0, maxConnectionIdleTimeMS=0, maintenanceInitialDelayMS=0, maintenanceFrequencyMS=60000, connectionPoolListeners=[], maxConnecting=2}, serverSettings=ServerSettings{heartbeatFrequencyMS=10000, minHeartbeatFrequencyMS=500, serverMonitoringMode=AUTO, serverListeners='[]', serverMonitorListeners='[]'}, sslSettings=SslSettings{enabled=false, invalidHostNameAllowed=false, context=null}, applicationName='null', compressorList=[], uuidRepresentation=UNSPECIFIED, serverApi=null, autoEncryptionSettings=null, dnsClient=null, inetAddressResolver=null, contextProvider=null, timeoutMS=null}
2026-02-12T22:06:16.817+01:00  INFO 99062 --- [code] [localhost:27017] org.mongodb.driver.cluster               : Monitor thread successfully connected to server with description ServerDescription{address=localhost:27017, type=STANDALONE, cryptd=false, state=CONNECTED, ok=true, minWireVersion=0, maxWireVersion=21, maxDocumentSize=16777216, logicalSessionTimeoutMinutes=30, roundTripTimeNanos=14796609, minRoundTripTimeNanos=0}
2026-02-12T22:06:17.354+01:00  INFO 99062 --- [code] [           main] o.s.boot.tomcat.TomcatWebServer          : Tomcat started on port 8081 (http) with context path '/'
2026-02-12T22:06:17.363+01:00  INFO 99062 --- [code] [           main] com.project.code.CodeApplication         : Started CodeApplication in 2.132 seconds (process running for 2.599)
2026-02-12T22:06:23.227+01:00  INFO 99062 --- [code] [nio-8081-exec-1] o.a.c.c.C.[Tomcat].[localhost].[/]       : Initializing Spring DispatcherServlet 'dispatcherServlet'
2026-02-12T22:06:23.228+01:00  INFO 99062 --- [code] [nio-8081-exec-1] o.s.web.servlet.DispatcherServlet        : Initializing Servlet 'dispatcherServlet'
2026-02-12T22:06:23.229+01:00  INFO 99062 --- [code] [nio-8081-exec-1] o.s.web.servlet.DispatcherServlet        : Completed initialization in 1 ms
